<?xml version="1.0" encoding="UTF-8"?>
<!-- Generated by org.testng.reporters.JUnitReportReporter -->
<testsuite hostname="LAPTOP-0DMS84IA" failures="0" tests="1" name="selenium.firefox" time="7.167" errors="0" timestamp="2024-11-17T03:25:51 IST" skipped="0">
  <testcase classname="selenium.firefox" name="test" time="7.167"/>
  <system-out/>
</testsuite> <!-- selenium.firefox -->
