<?xml version="1.0" encoding="UTF-8"?>
<!-- Generated by org.testng.reporters.JUnitReportReporter -->
<testsuite hostname="LAPTOP-0DMS84IA" failures="0" tests="1" name="selenium.edge" time="22.142" errors="0" timestamp="2024-11-17T03:25:51 IST" skipped="0">
  <testcase classname="selenium.edge" name="logintest" time="22.142"/>
  <system-out/>
</testsuite> <!-- selenium.edge -->
