<?xml version="1.0" encoding="UTF-8"?>
<!-- Generated by org.testng.reporters.JUnitReportReporter -->
<testsuite hostname="LAPTOP-0DMS84IA" failures="0" tests="1" name="selenium.seleniumcodecodility" time="17.902" errors="0" timestamp="2024-11-17T00:52:13 IST" skipped="0">
  <testcase classname="selenium.seleniumcodecodility" name="logintest" time="17.902"/>
</testsuite> <!-- selenium.seleniumcodecodility -->
