<?xml version="1.0" encoding="UTF-8"?>
<!-- Generated by org.testng.reporters.JUnitReportReporter -->
<testsuite hostname="LAPTOP-0DMS84IA" failures="0" tests="1" name="selenium.chrome" time="17.572" errors="0" timestamp="2024-11-17T01:59:35 IST" skipped="0">
  <testcase classname="selenium.chrome" name="logintest" time="17.572"/>
</testsuite> <!-- selenium.chrome -->
