<?xml version="1.0" encoding="UTF-8"?>
<!-- Generated by org.testng.reporters.JUnitReportReporter -->
<testsuite hostname="LAPTOP-0DMS84IA" failures="0" tests="1" name="selenium.edge" time="22.512" errors="0" timestamp="2024-11-17T01:59:35 IST" skipped="0">
  <testcase classname="selenium.edge" name="logintest" time="22.512"/>
</testsuite> <!-- selenium.edge -->
